# JRE version: Java(TM) SE Runtime Environment (8.0_25-b18) (build 1.8.0_25-b18)
# Java VM: Java HotSpot(TM) 64-Bit Server VM (25.25-b02 mixed mode windows-amd64 compressed oops)
Heap:
 PSYoungGen      total 809472K, used 178014K [0x000000076b600000, 0x00000007b4a80000, 0x00000007c0000000)
  eden space 739328K, 24% used [0x000000076b600000,0x00000007763d7910,0x0000000798800000)
  from space 70144K, 0% used [0x0000000798800000,0x0000000798800000,0x000000079cc80000)
  to   space 66048K, 0% used [0x00000007b0a00000,0x00000007b0a00000,0x00000007b4a80000)
 ParOldGen       total 168448K, used 37267K [0x00000006c2200000, 0x00000006cc680000, 0x000000076b600000)
  object space 168448K, 22% used [0x00000006c2200000,0x00000006c4664d38,0x00000006cc680000)
 Metaspace       used 61990K, capacity 65454K, committed 65704K, reserved 1105920K
  class space    used 8292K, capacity 8831K, committed 8880K, reserved 1048576K
GC Heap History (10 events):
Event: 5.057 GC heap before
{Heap before GC invocations=10 (full 1):
 PSYoungGen      total 562688K, used 15201K [0x000000076b600000, 0x00000007a3e00000, 0x00000007c0000000)
  eden space 486400K, 0% used [0x000000076b600000,0x000000076b600000,0x0000000789100000)
  from space 76288K, 19% used [0x0000000789100000,0x0000000789fd8610,0x000000078db80000)
  to   space 73728K, 0% used [0x000000079f600000,0x000000079f600000,0x00000007a3e00000)
 ParOldGen       total 173568K, used 68584K [0x00000006c2200000, 0x00000006ccb80000, 0x000000076b600000)
  object space 173568K, 39% used [0x00000006c2200000,0x00000006c64fa0c8,0x00000006ccb80000)
 Metaspace       used 20469K, capacity 21170K, committed 21296K, reserved 1069056K
  class space    used 2432K, capacity 2589K, committed 2608K, reserved 1048576K
Event: 5.094 GC heap after
Heap after GC invocations=10 (full 1):
 PSYoungGen      total 562688K, used 0K [0x000000076b600000, 0x00000007a3e00000, 0x00000007c0000000)
  eden space 486400K, 0% used [0x000000076b600000,0x000000076b600000,0x0000000789100000)
  from space 76288K, 0% used [0x0000000789100000,0x0000000789100000,0x000000078db80000)
  to   space 73728K, 0% used [0x000000079f600000,0x000000079f600000,0x00000007a3e00000)
 ParOldGen       total 119296K, used 20796K [0x00000006c2200000, 0x00000006c9680000, 0x000000076b600000)
  object space 119296K, 17% used [0x00000006c2200000,0x00000006c364f2d0,0x00000006c9680000)
 Metaspace       used 20468K, capacity 21168K, committed 21296K, reserved 1069056K
  class space    used 2431K, capacity 2588K, committed 2608K, reserved 1048576K
}
Event: 7.794 GC heap before
{Heap before GC invocations=11 (full 1):
 PSYoungGen      total 562688K, used 387801K [0x000000076b600000, 0x00000007a3e00000, 0x00000007c0000000)
  eden space 486400K, 79% used [0x000000076b600000,0x00000007830b65a0,0x0000000789100000)
  from space 76288K, 0% used [0x0000000789100000,0x0000000789100000,0x000000078db80000)
  to   space 73728K, 0% used [0x000000079f600000,0x000000079f600000,0x00000007a3e00000)
 ParOldGen       total 119296K, used 20796K [0x00000006c2200000, 0x00000006c9680000, 0x000000076b600000)
  object space 119296K, 17% used [0x00000006c2200000,0x00000006c364f2d0,0x00000006c9680000)
 Metaspace       used 33347K, capacity 35408K, committed 35496K, reserved 1081344K
  class space    used 4193K, capacity 4506K, committed 4528K, reserved 1048576K
Event: 7.818 GC heap after
Heap after GC invocations=11 (full 1):
 PSYoungGen      total 766976K, used 22025K [0x000000076b600000, 0x00000007a1100000, 0x00000007c0000000)
  eden space 739328K, 0% used [0x000000076b600000,0x000000076b600000,0x0000000798800000)
  from space 27648K, 79% used [0x000000079f600000,0x00000007a0b827e8,0x00000007a1100000)
  to   space 70144K, 0% used [0x0000000798800000,0x0000000798800000,0x000000079cc80000)
 ParOldGen       total 119296K, used 20804K [0x00000006c2200000, 0x00000006c9680000, 0x000000076b600000)
  object space 119296K, 17% used [0x00000006c2200000,0x00000006c36512d0,0x00000006c9680000)
 Metaspace       used 33347K, capacity 35408K, committed 35496K, reserved 1081344K
  class space    used 4193K, capacity 4506K, committed 4528K, reserved 1048576K
}
Event: 7.818 GC heap before
{Heap before GC invocations=12 (full 2):
 PSYoungGen      total 766976K, used 22025K [0x000000076b600000, 0x00000007a1100000, 0x00000007c0000000)
  eden space 739328K, 0% used [0x000000076b600000,0x000000076b600000,0x0000000798800000)
  from space 27648K, 79% used [0x000000079f600000,0x00000007a0b827e8,0x00000007a1100000)
  to   space 70144K, 0% used [0x0000000798800000,0x0000000798800000,0x000000079cc80000)
 ParOldGen       total 119296K, used 20804K [0x00000006c2200000, 0x00000006c9680000, 0x000000076b600000)
  object space 119296K, 17% used [0x00000006c2200000,0x00000006c36512d0,0x00000006c9680000)
 Metaspace       used 33347K, capacity 35408K, committed 35496K, reserved 1081344K
  class space    used 4193K, capacity 4506K, committed 4528K, reserved 1048576K
Event: 7.871 GC heap after
Heap after GC invocations=12 (full 2):
 PSYoungGen      total 766976K, used 0K [0x000000076b600000, 0x00000007a1100000, 0x00000007c0000000)
  eden space 739328K, 0% used [0x000000076b600000,0x000000076b600000,0x0000000798800000)
  from space 27648K, 0% used [0x000000079f600000,0x000000079f600000,0x00000007a1100000)
  to   space 70144K, 0% used [0x0000000798800000,0x0000000798800000,0x000000079cc80000)
 ParOldGen       total 143360K, used 29926K [0x00000006c2200000, 0x00000006cae00000, 0x000000076b600000)
  object space 143360K, 20% used [0x00000006c2200000,0x00000006c3f39b90,0x00000006cae00000)
 Metaspace       used 33345K, capacity 35406K, committed 35496K, reserved 1081344K
  class space    used 4192K, capacity 4505K, committed 4528K, reserved 1048576K
}
Event: 11.823 GC heap before
{Heap before GC invocations=13 (full 2):
 PSYoungGen      total 766976K, used 444738K [0x000000076b600000, 0x00000007a1100000, 0x00000007c0000000)
  eden space 739328K, 60% used [0x000000076b600000,0x0000000786850b48,0x0000000798800000)
  from space 27648K, 0% used [0x000000079f600000,0x000000079f600000,0x00000007a1100000)
  to   space 70144K, 0% used [0x0000000798800000,0x0000000798800000,0x000000079cc80000)
 ParOldGen       total 143360K, used 29926K [0x00000006c2200000, 0x00000006cae00000, 0x000000076b600000)
  object space 143360K, 20% used [0x00000006c2200000,0x00000006c3f39b90,0x00000006cae00000)
 Metaspace       used 55894K, capacity 59094K, committed 59160K, reserved 1099776K
  class space    used 7542K, capacity 8051K, committed 8112K, reserved 1048576K
Event: 11.852 GC heap after
Heap after GC invocations=13 (full 2):
 PSYoungGen      total 809472K, used 27492K [0x000000076b600000, 0x00000007b4a80000, 0x00000007c0000000)
  eden space 739328K, 0% used [0x000000076b600000,0x000000076b600000,0x0000000798800000)
  from space 70144K, 39% used [0x0000000798800000,0x000000079a2d9078,0x000000079cc80000)
  to   space 66048K, 0% used [0x00000007b0a00000,0x00000007b0a00000,0x00000007b4a80000)
 ParOldGen       total 143360K, used 29934K [0x00000006c2200000, 0x00000006cae00000, 0x000000076b600000)
  object space 143360K, 20% used [0x00000006c2200000,0x00000006c3f3bb90,0x00000006cae00000)
 Metaspace       used 55894K, capacity 59094K, committed 59160K, reserved 1099776K
  class space    used 7542K, capacity 8051K, committed 8112K, reserved 1048576K
}
Event: 11.852 GC heap before
{Heap before GC invocations=14 (full 3):
 PSYoungGen      total 809472K, used 27492K [0x000000076b600000, 0x00000007b4a80000, 0x00000007c0000000)
  eden space 739328K, 0% used [0x000000076b600000,0x000000076b600000,0x0000000798800000)
  from space 70144K, 39% used [0x0000000798800000,0x000000079a2d9078,0x000000079cc80000)
  to   space 66048K, 0% used [0x00000007b0a00000,0x00000007b0a00000,0x00000007b4a80000)
 ParOldGen       total 143360K, used 29934K [0x00000006c2200000, 0x00000006cae00000, 0x000000076b600000)
  object space 143360K, 20% used [0x00000006c2200000,0x00000006c3f3bb90,0x00000006cae00000)
 Metaspace       used 55894K, capacity 59094K, committed 59160K, reserved 1099776K
  class space    used 7542K, capacity 8051K, committed 8112K, reserved 1048576K
Event: 11.991 GC heap after
Heap after GC invocations=14 (full 3):
 PSYoungGen      total 809472K, used 0K [0x000000076b600000, 0x00000007b4a80000, 0x00000007c0000000)
  eden space 739328K, 0% used [0x000000076b600000,0x000000076b600000,0x0000000798800000)
  from space 70144K, 0% used [0x0000000798800000,0x0000000798800000,0x000000079cc80000)
  to   space 66048K, 0% used [0x00000007b0a00000,0x00000007b0a00000,0x00000007b4a80000)
 ParOldGen       total 168448K, used 37267K [0x00000006c2200000, 0x00000006cc680000, 0x000000076b600000)
  object space 168448K, 22% used [0x00000006c2200000,0x00000006c4664d38,0x00000006cc680000)
 Metaspace       used 55894K, capacity 59094K, committed 59160K, reserved 1099776K
  class space    used 7542K, capacity 8051K, committed 8112K, reserved 1048576K
}

