# JRE version: Java(TM) SE Runtime Environment (8.0_25-b18) (build 1.8.0_25-b18)
# Java VM: Java HotSpot(TM) 64-Bit Server VM (25.25-b02 mixed mode windows-amd64 compressed oops)
Heap:
 PSYoungGen      total 800256K, used 286844K [0x000000076b600000, 0x00000007b2980000, 0x00000007c0000000)
  eden space 729088K, 39% used [0x000000076b600000,0x000000077ce1f2d8,0x0000000797e00000)
  from space 71168K, 0% used [0x0000000797e00000,0x0000000797e00000,0x000000079c380000)
  to   space 66560K, 0% used [0x00000007ae880000,0x00000007ae880000,0x00000007b2980000)
 ParOldGen       total 179200K, used 41521K [0x00000006c2200000, 0x00000006cd100000, 0x000000076b600000)
  object space 179200K, 23% used [0x00000006c2200000,0x00000006c4a8c450,0x00000006cd100000)
 Metaspace       used 65623K, capacity 69190K, committed 69288K, reserved 1110016K
  class space    used 8564K, capacity 9131K, committed 9136K, reserved 1048576K
GC Heap History (10 events):
Event: 6.147 GC heap before
{Heap before GC invocations=10 (full 1):
 PSYoungGen      total 561152K, used 15342K [0x000000076b600000, 0x00000007a3c00000, 0x00000007c0000000)
  eden space 483840K, 0% used [0x000000076b600000,0x000000076b600000,0x0000000788e80000)
  from space 77312K, 19% used [0x0000000788e80000,0x0000000789d7ba58,0x000000078da00000)
  to   space 74752K, 0% used [0x000000079f300000,0x000000079f300000,0x00000007a3c00000)
 ParOldGen       total 173568K, used 70020K [0x00000006c2200000, 0x00000006ccb80000, 0x000000076b600000)
  object space 173568K, 40% used [0x00000006c2200000,0x00000006c6661338,0x00000006ccb80000)
 Metaspace       used 20473K, capacity 21170K, committed 21296K, reserved 1069056K
  class space    used 2434K, capacity 2589K, committed 2608K, reserved 1048576K
Event: 6.210 GC heap after
Heap after GC invocations=10 (full 1):
 PSYoungGen      total 561152K, used 0K [0x000000076b600000, 0x00000007a3c00000, 0x00000007c0000000)
  eden space 483840K, 0% used [0x000000076b600000,0x000000076b600000,0x0000000788e80000)
  from space 77312K, 0% used [0x0000000788e80000,0x0000000788e80000,0x000000078da00000)
  to   space 74752K, 0% used [0x000000079f300000,0x000000079f300000,0x00000007a3c00000)
 ParOldGen       total 122368K, used 21201K [0x00000006c2200000, 0x00000006c9980000, 0x000000076b600000)
  object space 122368K, 17% used [0x00000006c2200000,0x00000006c36b4718,0x00000006c9980000)
 Metaspace       used 20472K, capacity 21168K, committed 21296K, reserved 1069056K
  class space    used 2433K, capacity 2588K, committed 2608K, reserved 1048576K
}
Event: 9.715 GC heap before
{Heap before GC invocations=11 (full 1):
 PSYoungGen      total 561152K, used 385871K [0x000000076b600000, 0x00000007a3c00000, 0x00000007c0000000)
  eden space 483840K, 79% used [0x000000076b600000,0x0000000782ed3ce8,0x0000000788e80000)
  from space 77312K, 0% used [0x0000000788e80000,0x0000000788e80000,0x000000078da00000)
  to   space 74752K, 0% used [0x000000079f300000,0x000000079f300000,0x00000007a3c00000)
 ParOldGen       total 122368K, used 21201K [0x00000006c2200000, 0x00000006c9980000, 0x000000076b600000)
  object space 122368K, 17% used [0x00000006c2200000,0x00000006c36b4718,0x00000006c9980000)
 Metaspace       used 33356K, capacity 35400K, committed 35496K, reserved 1081344K
  class space    used 4193K, capacity 4506K, committed 4528K, reserved 1048576K
Event: 9.736 GC heap after
Heap after GC invocations=11 (full 1):
 PSYoungGen      total 743936K, used 22059K [0x000000076b600000, 0x00000007a0900000, 0x00000007c0000000)
  eden space 721408K, 0% used [0x000000076b600000,0x000000076b600000,0x0000000797680000)
  from space 22528K, 97% used [0x000000079f300000,0x00000007a088ae78,0x00000007a0900000)
  to   space 71168K, 0% used [0x0000000797e00000,0x0000000797e00000,0x000000079c380000)
 ParOldGen       total 122368K, used 21209K [0x00000006c2200000, 0x00000006c9980000, 0x000000076b600000)
  object space 122368K, 17% used [0x00000006c2200000,0x00000006c36b6718,0x00000006c9980000)
 Metaspace       used 33356K, capacity 35400K, committed 35496K, reserved 1081344K
  class space    used 4193K, capacity 4506K, committed 4528K, reserved 1048576K
}
Event: 9.736 GC heap before
{Heap before GC invocations=12 (full 2):
 PSYoungGen      total 743936K, used 22059K [0x000000076b600000, 0x00000007a0900000, 0x00000007c0000000)
  eden space 721408K, 0% used [0x000000076b600000,0x000000076b600000,0x0000000797680000)
  from space 22528K, 97% used [0x000000079f300000,0x00000007a088ae78,0x00000007a0900000)
  to   space 71168K, 0% used [0x0000000797e00000,0x0000000797e00000,0x000000079c380000)
 ParOldGen       total 122368K, used 21209K [0x00000006c2200000, 0x00000006c9980000, 0x000000076b600000)
  object space 122368K, 17% used [0x00000006c2200000,0x00000006c36b6718,0x00000006c9980000)
 Metaspace       used 33356K, capacity 35400K, committed 35496K, reserved 1081344K
  class space    used 4193K, capacity 4506K, committed 4528K, reserved 1048576K
Event: 9.798 GC heap after
Heap after GC invocations=12 (full 2):
 PSYoungGen      total 743936K, used 0K [0x000000076b600000, 0x00000007a0900000, 0x00000007c0000000)
  eden space 721408K, 0% used [0x000000076b600000,0x000000076b600000,0x0000000797680000)
  from space 22528K, 0% used [0x000000079f300000,0x000000079f300000,0x00000007a0900000)
  to   space 71168K, 0% used [0x0000000797e00000,0x0000000797e00000,0x000000079c380000)
 ParOldGen       total 147456K, used 29308K [0x00000006c2200000, 0x00000006cb200000, 0x000000076b600000)
  object space 147456K, 19% used [0x00000006c2200000,0x00000006c3e9f1a0,0x00000006cb200000)
 Metaspace       used 33355K, capacity 35398K, committed 35496K, reserved 1081344K
  class space    used 4192K, capacity 4505K, committed 4528K, reserved 1048576K
}
Event: 14.980 GC heap before
{Heap before GC invocations=13 (full 2):
 PSYoungGen      total 743936K, used 431638K [0x000000076b600000, 0x00000007a0900000, 0x00000007c0000000)
  eden space 721408K, 59% used [0x000000076b600000,0x0000000785b85b08,0x0000000797680000)
  from space 22528K, 0% used [0x000000079f300000,0x000000079f300000,0x00000007a0900000)
  to   space 71168K, 0% used [0x0000000797e00000,0x0000000797e00000,0x000000079c380000)
 ParOldGen       total 147456K, used 29308K [0x00000006c2200000, 0x00000006cb200000, 0x000000076b600000)
  object space 147456K, 19% used [0x00000006c2200000,0x00000006c3e9f1a0,0x00000006cb200000)
 Metaspace       used 55867K, capacity 59066K, committed 59160K, reserved 1099776K
  class space    used 7508K, capacity 8023K, committed 8112K, reserved 1048576K
Event: 15.007 GC heap after
Heap after GC invocations=13 (full 2):
 PSYoungGen      total 800256K, used 26979K [0x000000076b600000, 0x00000007b2980000, 0x00000007c0000000)
  eden space 729088K, 0% used [0x000000076b600000,0x000000076b600000,0x0000000797e00000)
  from space 71168K, 37% used [0x0000000797e00000,0x0000000799858db0,0x000000079c380000)
  to   space 66560K, 0% used [0x00000007ae880000,0x00000007ae880000,0x00000007b2980000)
 ParOldGen       total 147456K, used 29316K [0x00000006c2200000, 0x00000006cb200000, 0x000000076b600000)
  object space 147456K, 19% used [0x00000006c2200000,0x00000006c3ea11a0,0x00000006cb200000)
 Metaspace       used 55867K, capacity 59066K, committed 59160K, reserved 1099776K
  class space    used 7508K, capacity 8023K, committed 8112K, reserved 1048576K
}
Event: 15.007 GC heap before
{Heap before GC invocations=14 (full 3):
 PSYoungGen      total 800256K, used 26979K [0x000000076b600000, 0x00000007b2980000, 0x00000007c0000000)
  eden space 729088K, 0% used [0x000000076b600000,0x000000076b600000,0x0000000797e00000)
  from space 71168K, 37% used [0x0000000797e00000,0x0000000799858db0,0x000000079c380000)
  to   space 66560K, 0% used [0x00000007ae880000,0x00000007ae880000,0x00000007b2980000)
 ParOldGen       total 147456K, used 29316K [0x00000006c2200000, 0x00000006cb200000, 0x000000076b600000)
  object space 147456K, 19% used [0x00000006c2200000,0x00000006c3ea11a0,0x00000006cb200000)
 Metaspace       used 55867K, capacity 59066K, committed 59160K, reserved 1099776K
  class space    used 7508K, capacity 8023K, committed 8112K, reserved 1048576K
Event: 15.194 GC heap after
Heap after GC invocations=14 (full 3):
 PSYoungGen      total 800256K, used 0K [0x000000076b600000, 0x00000007b2980000, 0x00000007c0000000)
  eden space 729088K, 0% used [0x000000076b600000,0x000000076b600000,0x0000000797e00000)
  from space 71168K, 0% used [0x0000000797e00000,0x0000000797e00000,0x000000079c380000)
  to   space 66560K, 0% used [0x00000007ae880000,0x00000007ae880000,0x00000007b2980000)
 ParOldGen       total 179200K, used 41521K [0x00000006c2200000, 0x00000006cd100000, 0x000000076b600000)
  object space 179200K, 23% used [0x00000006c2200000,0x00000006c4a8c450,0x00000006cd100000)
 Metaspace       used 55867K, capacity 59066K, committed 59160K, reserved 1099776K
  class space    used 7508K, capacity 8023K, committed 8112K, reserved 1048576K
}

